0 info it worked if it ends with ok
1 verbose cli [ 'C:\\Program Files\\nodejs\\node.exe',
1 verbose cli   'C:\\Program Files\\nodejs\\node_modules\\npm\\bin\\npm-cli.js',
1 verbose cli   'install',
1 verbose cli   'zlib' ]
2 info using npm@3.10.9
3 info using node@v7.2.0
4 silly loadCurrentTree Starting
5 silly install loadCurrentTree
6 silly install readLocalPackageData
7 silly fetchPackageMetaData zlib
8 silly fetchNamedPackageData zlib
9 silly mapToRegistry name zlib
10 silly mapToRegistry using default registry
11 silly mapToRegistry registry https://registry.npmjs.org/
12 silly mapToRegistry data Result {
12 silly mapToRegistry   raw: 'zlib',
12 silly mapToRegistry   scope: null,
12 silly mapToRegistry   escapedName: 'zlib',
12 silly mapToRegistry   name: 'zlib',
12 silly mapToRegistry   rawSpec: '',
12 silly mapToRegistry   spec: 'latest',
12 silly mapToRegistry   type: 'tag' }
13 silly mapToRegistry uri https://registry.npmjs.org/zlib
14 verbose request uri https://registry.npmjs.org/zlib
15 verbose request no auth needed
16 info attempt registry request try #1 at 3:07:29 PM
17 verbose request id 51feec69c38e5a1f
18 verbose etag W/"59c5b623-1843"
19 verbose lastModified Sat, 23 Sep 2017 01:17:23 GMT
20 http request GET https://registry.npmjs.org/zlib
21 http 304 https://registry.npmjs.org/zlib
22 verbose headers { date: 'Mon, 06 Nov 2017 22:07:29 GMT',
22 verbose headers   via: '1.1 varnish',
22 verbose headers   'cache-control': 'max-age=300',
22 verbose headers   etag: 'W/"59c5b623-1843"',
22 verbose headers   age: '63',
22 verbose headers   connection: 'keep-alive',
22 verbose headers   'x-served-by': 'cache-den6025-DEN',
22 verbose headers   'x-cache': 'HIT',
22 verbose headers   'x-cache-hits': '1',
22 verbose headers   'x-timer': 'S1510006050.786888,VS0,VE0',
22 verbose headers   vary: 'Accept-Encoding, Accept' }
23 silly get cb [ 304,
23 silly get   { date: 'Mon, 06 Nov 2017 22:07:29 GMT',
23 silly get     via: '1.1 varnish',
23 silly get     'cache-control': 'max-age=300',
23 silly get     etag: 'W/"59c5b623-1843"',
23 silly get     age: '63',
23 silly get     connection: 'keep-alive',
23 silly get     'x-served-by': 'cache-den6025-DEN',
23 silly get     'x-cache': 'HIT',
23 silly get     'x-cache-hits': '1',
23 silly get     'x-timer': 'S1510006050.786888,VS0,VE0',
23 silly get     vary: 'Accept-Encoding, Accept' } ]
24 verbose etag https://registry.npmjs.org/zlib from cache
25 verbose get saving zlib to C:\Users\YuQ\AppData\Roaming\npm-cache\registry.npmjs.org\zlib\.cache.json
26 verbose correctMkdir C:\Users\YuQ\AppData\Roaming\npm-cache correctMkdir not in flight; initializing
27 silly install normalizeTree
28 silly loadCurrentTree Finishing
29 silly loadIdealTree Starting
30 silly install loadIdealTree
31 silly cloneCurrentTree Starting
32 silly install cloneCurrentTreeToIdealTree
33 silly cloneCurrentTree Finishing
34 silly loadShrinkwrap Starting
35 silly install loadShrinkwrap
36 silly loadShrinkwrap Finishing
37 silly loadAllDepsIntoIdealTree Starting
38 silly install loadAllDepsIntoIdealTree
39 silly resolveWithNewModule zlib@1.0.5 checking installable status
40 silly cache add args [ 'zlib', null ]
41 verbose cache add spec zlib
42 silly cache add parsed spec Result {
42 silly cache add   raw: 'zlib',
42 silly cache add   scope: null,
42 silly cache add   escapedName: 'zlib',
42 silly cache add   name: 'zlib',
42 silly cache add   rawSpec: '',
42 silly cache add   spec: 'latest',
42 silly cache add   type: 'tag' }
43 silly addNamed zlib@latest
44 verbose addNamed "latest" is being treated as a dist-tag for zlib
45 info addNameTag [ 'zlib', 'latest' ]
46 silly mapToRegistry name zlib
47 silly mapToRegistry using default registry
48 silly mapToRegistry registry https://registry.npmjs.org/
49 silly mapToRegistry data Result {
49 silly mapToRegistry   raw: 'zlib',
49 silly mapToRegistry   scope: null,
49 silly mapToRegistry   escapedName: 'zlib',
49 silly mapToRegistry   name: 'zlib',
49 silly mapToRegistry   rawSpec: '',
49 silly mapToRegistry   spec: 'latest',
49 silly mapToRegistry   type: 'tag' }
50 silly mapToRegistry uri https://registry.npmjs.org/zlib
51 verbose addNameTag registry:https://registry.npmjs.org/zlib not in flight; fetching
52 verbose get https://registry.npmjs.org/zlib not expired, no request
53 silly addNameTag next cb for zlib with tag latest
54 silly addNamed zlib@1.0.5
55 verbose addNamed "1.0.5" is a plain semver version for zlib
56 silly cache afterAdd zlib@1.0.5
57 verbose afterAdd C:\Users\YuQ\AppData\Roaming\npm-cache\zlib\1.0.5\package\package.json not in flight; writing
58 verbose correctMkdir C:\Users\YuQ\AppData\Roaming\npm-cache correctMkdir not in flight; initializing
59 verbose afterAdd C:\Users\YuQ\AppData\Roaming\npm-cache\zlib\1.0.5\package\package.json written
60 silly loadAllDepsIntoIdealTree Finishing
61 silly loadIdealTree Finishing
62 silly currentTree node_3_Events_And_Streams
62 silly currentTree +-- ajv@5.3.0
62 silly currentTree +-- asn1@0.2.3
62 silly currentTree +-- assert-plus@1.0.0
62 silly currentTree +-- asynckit@0.4.0
62 silly currentTree +-- aws-sign2@0.7.0
62 silly currentTree +-- aws4@1.6.0
62 silly currentTree +-- bcrypt-pbkdf@1.0.1
62 silly currentTree +-- boom@4.3.1
62 silly currentTree +-- caseless@0.12.0
62 silly currentTree +-- co@4.6.0
62 silly currentTree +-- combined-stream@1.0.5
62 silly currentTree +-- core-util-is@1.0.2
62 silly currentTree +-- cryptiles@3.1.2
62 silly currentTree | `-- boom@5.2.0
62 silly currentTree +-- dashdash@1.14.1
62 silly currentTree +-- delayed-stream@1.0.0
62 silly currentTree +-- ecc-jsbn@0.1.1
62 silly currentTree +-- events@1.1.1
62 silly currentTree +-- extend@3.0.1
62 silly currentTree +-- extsprintf@1.3.0
62 silly currentTree +-- fast-deep-equal@1.0.0
62 silly currentTree +-- fast-json-stable-stringify@2.0.0
62 silly currentTree +-- forever-agent@0.6.1
62 silly currentTree +-- form-data@2.3.1
62 silly currentTree +-- getpass@0.1.7
62 silly currentTree +-- har-schema@2.0.0
62 silly currentTree +-- har-validator@5.0.3
62 silly currentTree +-- hawk@6.0.2
62 silly currentTree +-- hoek@4.2.0
62 silly currentTree +-- http-signature@1.2.0
62 silly currentTree +-- inherits@2.0.1
62 silly currentTree +-- is-typedarray@1.0.0
62 silly currentTree +-- isstream@0.1.2
62 silly currentTree +-- jsbn@0.1.1
62 silly currentTree +-- json-schema-traverse@0.3.1
62 silly currentTree +-- json-schema@0.2.3
62 silly currentTree +-- json-stringify-safe@5.0.1
62 silly currentTree +-- jsprim@1.4.1
62 silly currentTree +-- mime-db@1.30.0
62 silly currentTree +-- mime-types@2.1.17
62 silly currentTree +-- oauth-sign@0.8.2
62 silly currentTree +-- performance-now@2.1.0
62 silly currentTree +-- punycode@1.4.1
62 silly currentTree +-- qs@6.5.1
62 silly currentTree +-- request@2.83.0
62 silly currentTree +-- safe-buffer@5.1.1
62 silly currentTree +-- sntp@2.1.0
62 silly currentTree +-- sshpk@1.13.1
62 silly currentTree +-- stringstream@0.0.5
62 silly currentTree +-- tough-cookie@2.3.3
62 silly currentTree +-- tunnel-agent@0.6.0
62 silly currentTree +-- tweetnacl@0.14.5
62 silly currentTree +-- util@0.10.3
62 silly currentTree +-- uuid@3.1.0
62 silly currentTree `-- verror@1.10.0
63 silly idealTree node_3_Events_And_Streams
63 silly idealTree +-- ajv@5.3.0
63 silly idealTree +-- asn1@0.2.3
63 silly idealTree +-- assert-plus@1.0.0
63 silly idealTree +-- asynckit@0.4.0
63 silly idealTree +-- aws-sign2@0.7.0
63 silly idealTree +-- aws4@1.6.0
63 silly idealTree +-- bcrypt-pbkdf@1.0.1
63 silly idealTree +-- boom@4.3.1
63 silly idealTree +-- caseless@0.12.0
63 silly idealTree +-- co@4.6.0
63 silly idealTree +-- combined-stream@1.0.5
63 silly idealTree +-- core-util-is@1.0.2
63 silly idealTree +-- cryptiles@3.1.2
63 silly idealTree | `-- boom@5.2.0
63 silly idealTree +-- dashdash@1.14.1
63 silly idealTree +-- delayed-stream@1.0.0
63 silly idealTree +-- ecc-jsbn@0.1.1
63 silly idealTree +-- events@1.1.1
63 silly idealTree +-- extend@3.0.1
63 silly idealTree +-- extsprintf@1.3.0
63 silly idealTree +-- fast-deep-equal@1.0.0
63 silly idealTree +-- fast-json-stable-stringify@2.0.0
63 silly idealTree +-- forever-agent@0.6.1
63 silly idealTree +-- form-data@2.3.1
63 silly idealTree +-- getpass@0.1.7
63 silly idealTree +-- har-schema@2.0.0
63 silly idealTree +-- har-validator@5.0.3
63 silly idealTree +-- hawk@6.0.2
63 silly idealTree +-- hoek@4.2.0
63 silly idealTree +-- http-signature@1.2.0
63 silly idealTree +-- inherits@2.0.1
63 silly idealTree +-- is-typedarray@1.0.0
63 silly idealTree +-- isstream@0.1.2
63 silly idealTree +-- jsbn@0.1.1
63 silly idealTree +-- json-schema-traverse@0.3.1
63 silly idealTree +-- json-schema@0.2.3
63 silly idealTree +-- json-stringify-safe@5.0.1
63 silly idealTree +-- jsprim@1.4.1
63 silly idealTree +-- mime-db@1.30.0
63 silly idealTree +-- mime-types@2.1.17
63 silly idealTree +-- oauth-sign@0.8.2
63 silly idealTree +-- performance-now@2.1.0
63 silly idealTree +-- punycode@1.4.1
63 silly idealTree +-- qs@6.5.1
63 silly idealTree +-- request@2.83.0
63 silly idealTree +-- safe-buffer@5.1.1
63 silly idealTree +-- sntp@2.1.0
63 silly idealTree +-- sshpk@1.13.1
63 silly idealTree +-- stringstream@0.0.5
63 silly idealTree +-- tough-cookie@2.3.3
63 silly idealTree +-- tunnel-agent@0.6.0
63 silly idealTree +-- tweetnacl@0.14.5
63 silly idealTree +-- util@0.10.3
63 silly idealTree +-- uuid@3.1.0
63 silly idealTree +-- verror@1.10.0
63 silly idealTree `-- zlib@1.0.5
64 silly generateActionsToTake Starting
65 silly install generateActionsToTake
66 silly generateActionsToTake Finishing
67 silly diffTrees action count 1
68 silly diffTrees add zlib@1.0.5
69 silly decomposeActions action count 8
70 silly decomposeActions fetch zlib@1.0.5
71 silly decomposeActions extract zlib@1.0.5
72 silly decomposeActions test zlib@1.0.5
73 silly decomposeActions preinstall zlib@1.0.5
74 silly decomposeActions build zlib@1.0.5
75 silly decomposeActions install zlib@1.0.5
76 silly decomposeActions postinstall zlib@1.0.5
77 silly decomposeActions finalize zlib@1.0.5
78 silly runTopLevelLifecycles Starting
79 silly executeActions Starting
80 silly install executeActions
81 silly doSerial global-install 0
82 silly doParallel fetch 1
83 verbose correctMkdir C:\Users\YuQ\AppData\Roaming\npm-cache\_locks correctMkdir not in flight; initializing
84 verbose lock using C:\Users\YuQ\AppData\Roaming\npm-cache\_locks\staging-c1f1ac06a0dc35be.lock for W:\Learning\Node\node_3_Events_And_Streams\node_modules\.staging
85 silly doParallel extract 1
86 silly extract zlib@1.0.5
87 verbose unbuild node_modules\.staging\zlib-fcf20a51
88 silly gentlyRm W:\Learning\Node\node_3_Events_And_Streams\node_modules\.staging\zlib-fcf20a51 is being purged from base W:\Learning\Node\node_3_Events_And_Streams
89 verbose gentlyRm don't care about contents; nuking W:\Learning\Node\node_3_Events_And_Streams\node_modules\.staging\zlib-fcf20a51
90 verbose tar unpack C:\Users\YuQ\AppData\Roaming\npm-cache\zlib\1.0.5\package.tgz
91 verbose tar unpacking to W:\Learning\Node\node_3_Events_And_Streams\node_modules\.staging\zlib-fcf20a51
92 silly gentlyRm W:\Learning\Node\node_3_Events_And_Streams\node_modules\.staging\zlib-fcf20a51 is being purged
93 verbose gentlyRm don't care about contents; nuking W:\Learning\Node\node_3_Events_And_Streams\node_modules\.staging\zlib-fcf20a51
94 silly gunzTarPerm modes [ '777', '666' ]
95 silly gunzTarPerm extractEntry .gitignore
96 silly gunzTarPerm modified mode [ '.gitignore', 420, 438 ]
97 silly gunzTarPerm extractEntry configure
98 silly gunzTarPerm modified mode [ 'configure', 493, 511 ]
99 silly gunzTarPerm extractEntry index.js
100 silly gunzTarPerm modified mode [ 'index.js', 420, 438 ]
101 silly gunzTarPerm extractEntry LICENSE
102 silly gunzTarPerm modified mode [ 'LICENSE', 420, 438 ]
103 silly gunzTarPerm extractEntry Makefile
104 silly gunzTarPerm modified mode [ 'Makefile', 420, 438 ]
105 silly gunzTarPerm extractEntry package.json
106 silly gunzTarPerm modified mode [ 'package.json', 420, 438 ]
107 silly gunzTarPerm extractEntry README.md
108 silly gunzTarPerm modified mode [ 'README.md', 420, 438 ]
109 silly gunzTarPerm extractEntry wscript
110 silly gunzTarPerm modified mode [ 'wscript', 420, 438 ]
111 silly gunzTarPerm extractEntry lib/zlib.js
112 silly gunzTarPerm modified mode [ 'lib/zlib.js', 420, 438 ]
113 silly gunzTarPerm extractEntry src/node-zlib.cc
114 silly gunzTarPerm modified mode [ 'src/node-zlib.cc', 420, 438 ]
115 silly gunzTarPerm extractEntry test/deflate.test.js
116 silly gunzTarPerm modified mode [ 'test/deflate.test.js', 420, 438 ]
117 silly gunzTarPerm extractEntry test/inflate.test.js
118 silly gunzTarPerm modified mode [ 'test/inflate.test.js', 420, 438 ]
119 silly gentlyRm W:\Learning\Node\node_3_Events_And_Streams\node_modules\.staging\zlib-fcf20a51\node_modules is being purged
120 verbose gentlyRm don't care about contents; nuking W:\Learning\Node\node_3_Events_And_Streams\node_modules\.staging\zlib-fcf20a51\node_modules
121 silly doParallel preinstall 1
122 silly preinstall zlib@1.0.5 W:\Learning\Node\node_3_Events_And_Streams\node_modules\.staging\zlib-fcf20a51
123 info lifecycle zlib@1.0.5~preinstall: zlib@1.0.5
124 verbose lifecycle zlib@1.0.5~preinstall: unsafe-perm in lifecycle true
125 verbose lifecycle zlib@1.0.5~preinstall: PATH: C:\Program Files\nodejs\node_modules\npm\bin\node-gyp-bin;W:\Learning\Node\node_3_Events_And_Streams\node_modules\.staging\zlib-fcf20a51\node_modules\.bin;W:\Learning\Node\node_3_Events_And_Streams\node_modules\.bin;C:\Program Files\Microsoft MPI\Bin\;W:\Website\YuQ\virtual\product\12.2.0\dbhome_1\bin;C:\ProgramData\Oracle\Java\javapath;C:\Program Files (x86)\Intel\iCLS Client\;C:\Program Files\Intel\iCLS Client\;C:\Windows\system32;C:\Windows;C:\Windows\System32\Wbem;C:\Windows\System32\WindowsPowerShell\v1.0\;C:\Program Files (x86)\Intel\Intel(R) Management Engine Components\DAL;C:\Program Files\Intel\Intel(R) Management Engine Components\DAL;C:\Program Files (x86)\Intel\Intel(R) Management Engine Components\IPT;C:\Program Files\Intel\Intel(R) Management Engine Components\IPT;C:\Program Files\Seapine\Surround SCM;C:\Program Files\Seapine\Surround SCM\64BitLibs;C:\Program Files\Microsoft SQL Server\120\DTS\Binn\;C:\Program Files\Microsoft SQL Server\Client SDK\ODBC\110\Tools\Binn\;C:\Program Files (x86)\Microsoft SQL Server\120\Tools\Binn\;C:\Program Files\Microsoft SQL Server\120\Tools\Binn\;C:\Program Files (x86)\Microsoft SQL Server\120\Tools\Binn\ManagementStudio\;C:\Program Files (x86)\Microsoft SQL Server\120\DTS\Binn\;C:\Windows\system32\config\systemprofile\.dnx\bin;C:\Program Files\Microsoft DNX\Dnvm\;C:\Program Files\Microsoft SQL Server\130\Tools\Binn\;c:\Program Files (x86)\Microsoft SQL Server\100\Tools\Binn\;c:\Program Files\Microsoft SQL Server\100\Tools\Binn\;c:\Program Files\Microsoft SQL Server\100\DTS\Binn\;C:\Program Files (x86)\Microsoft SQL Server\110\Tools\Binn\;C:\Program Files\Microsoft SQL Server\110\Tools\Binn\;C:\Program Files\Microsoft SQL Server\110\DTS\Binn\;C:\Program Files (x86)\Microsoft SQL Server\110\Tools\Binn\ManagementStudio\;C:\Program Files (x86)\Microsoft SQL Server\110\DTS\Binn\;C:\Program Files (x86)\Seapine\TestTrack;C:\Program Files (x86)\Seapine\TestTrack\64bitLibs;C:\Program Files (x86)\Java\jre1.8.0_101\bin;C:\ProgramData\chocolatey\bin;C:\Program Files\nodejs\;C:\Program Files (x86)\OpenVPN\bin;C:\Program Files\R\R-3.3.2\bin\x64;C:\Program Files\dotnet\;C:\Program Files\Git\cmd;C:\Users\YuQ\AppData\Local\Programs\Python\Python36-32\Scripts\;C:\Users\YuQ\AppData\Local\Programs\Python\Python36-32\;C:\Program Files (x86)\Microsoft VS Code\bin;C:\Users\YuQ\AppData\Local\atom\bin;C:\Users\YuQ\AppData\Roaming\npm;C:\Program Files\R\R-3.3.2\bin\x64
126 verbose lifecycle zlib@1.0.5~preinstall: CWD: W:\Learning\Node\node_3_Events_And_Streams\node_modules\.staging\zlib-fcf20a51
127 silly lifecycle zlib@1.0.5~preinstall: Args: [ '/d /s /c',
127 silly lifecycle   'node-waf clean || true; node-waf configure build' ]
128 silly lifecycle zlib@1.0.5~preinstall: Returned: code: 1  signal: null
129 info lifecycle zlib@1.0.5~preinstall: Failed to exec preinstall script
130 verbose unlock done using C:\Users\YuQ\AppData\Roaming\npm-cache\_locks\staging-c1f1ac06a0dc35be.lock for W:\Learning\Node\node_3_Events_And_Streams\node_modules\.staging
131 silly rollbackFailedOptional Starting
132 silly rollbackFailedOptional Finishing
133 silly runTopLevelLifecycles Finishing
134 silly install printInstalled
135 warn enoent ENOENT: no such file or directory, open 'W:\Learning\Node\node_3_Events_And_Streams\package.json'
136 verbose enoent ENOENT: no such file or directory, open 'W:\Learning\Node\node_3_Events_And_Streams\package.json'
136 verbose enoent This is most likely not a problem with npm itself
136 verbose enoent and is related to npm not being able to find a file.
137 warn node_3_Events_And_Streams No description
138 verbose If you need help, you may report this error at:
138 verbose     <https://github.com/npm/npm/issues>
139 warn node_3_Events_And_Streams No repository field.
140 verbose If you need help, you may report this error at:
140 verbose     <https://github.com/npm/npm/issues>
141 warn node_3_Events_And_Streams No README data
142 verbose If you need help, you may report this error at:
142 verbose     <https://github.com/npm/npm/issues>
143 warn node_3_Events_And_Streams No license field.
144 verbose If you need help, you may report this error at:
144 verbose     <https://github.com/npm/npm/issues>
145 verbose stack Error: zlib@1.0.5 preinstall: `node-waf clean || true; node-waf configure build`
145 verbose stack Exit status 1
145 verbose stack     at EventEmitter.<anonymous> (C:\Program Files\nodejs\node_modules\npm\lib\utils\lifecycle.js:255:16)
145 verbose stack     at emitTwo (events.js:106:13)
145 verbose stack     at EventEmitter.emit (events.js:191:7)
145 verbose stack     at ChildProcess.<anonymous> (C:\Program Files\nodejs\node_modules\npm\lib\utils\spawn.js:40:14)
145 verbose stack     at emitTwo (events.js:106:13)
145 verbose stack     at ChildProcess.emit (events.js:191:7)
145 verbose stack     at maybeClose (internal/child_process.js:885:16)
145 verbose stack     at Process.ChildProcess._handle.onexit (internal/child_process.js:226:5)
146 verbose pkgid zlib@1.0.5
147 verbose cwd W:\Learning\Node\node_3_Events_And_Streams
148 error Windows_NT 10.0.10586
149 error argv "C:\\Program Files\\nodejs\\node.exe" "C:\\Program Files\\nodejs\\node_modules\\npm\\bin\\npm-cli.js" "install" "zlib"
150 error node v7.2.0
151 error npm  v3.10.9
152 error code ELIFECYCLE
153 error zlib@1.0.5 preinstall: `node-waf clean || true; node-waf configure build`
153 error Exit status 1
154 error Failed at the zlib@1.0.5 preinstall script 'node-waf clean || true; node-waf configure build'.
154 error Make sure you have the latest version of node.js and npm installed.
154 error If you do, this is most likely a problem with the zlib package,
154 error not with npm itself.
154 error Tell the author that this fails on your system:
154 error     node-waf clean || true; node-waf configure build
154 error You can get information on how to open an issue for this project with:
154 error     npm bugs zlib
154 error Or if that isn't available, you can get their info via:
154 error     npm owner ls zlib
154 error There is likely additional logging output above.
155 verbose exit [ 1, true ]
